17:01:46 **** Incremental Build of configuration Debug for project Simple_Calculator ****
make all 
Building file: ../main.c
Invoking: AVR Compiler
avr-gcc -Wall -g2 -gstabs -O0 -fpack-struct -fshort-enums -ffunction-sections -fdata-sections -std=gnu99 -funsigned-char -funsigned-bitfields -mmcu=atmega32 -DF_CPU=1000000UL -MMD -MP -MF"main.d" -MT"main.o" -c -o "main.o" "../main.c"
In file included from ../main.c:9:
c:/winavr-20100110/lib/gcc/../../avr/include/util/delay.h:90:3: warning: #warning "Compiler optimizations disabled; functions from <util/delay.h> won't work as designed"
../main.c: In function 'main':
../main.c:61: warning: unused variable 'initial'
Finished building: ../main.c
 
Building target: Simple_Calculator.elf
Invoking: AVR C Linker
avr-gcc -Wl,-Map,Simple_Calculator.map -mmcu=atmega32 -o "Simple_Calculator.elf"  ./Keypad.o ./LCD.o ./gpio.o ./main.o   
Finished building target: Simple_Calculator.elf
 
Invoking: AVR Create Extended Listing
avr-objdump -h -S Simple_Calculator.elf  >"Simple_Calculator.lss"
Finished building: Simple_Calculator.lss
 
Invoking: Print Size
avr-size --format=avr --mcu=atmega32 Simple_Calculator.elf
AVR Memory Usage
----------------
Device: atmega32

Program:   12178 bytes (37.2% Full)
(.text + .data + .bootloader)

Data:         63 bytes (3.1% Full)
(.data + .bss + .noinit)


Finished building: sizedummy
 

17:01:48 Build Finished. 0 errors, 2 warnings. (took 1s.479ms)

